2019-07-06 17:59:26,447:INFO: RETRAINING ~~
2019-07-06 17:59:26,447:INFO: Creating the datasets...
2019-07-06 17:59:26,656:INFO: Creating residual learner 
2019-07-06 17:59:26,710:WARNING: From /Users/xiaofengzhu/Documents/GitHub/continual_learning/src/model/modeling.py:302: softmax_cross_entropy_with_logits (from tensorflow.python.ops.nn_ops) is deprecated and will be removed in a future version.
Instructions for updating:

Future major versions of TensorFlow will allow gradients to flow
into the labels input on backprop by default.

See `tf.nn.softmax_cross_entropy_with_logits_v2`.

2019-07-06 17:59:27,113:INFO: - done.
2019-07-08 14:43:39,408:INFO: RETRAINING ~~
2019-07-08 14:43:39,409:INFO: Creating the datasets...
2019-07-08 14:43:39,508:INFO: Creating residual learner 
2019-07-08 14:43:39,509:ERROR: old_predicted_scores not in inputs
2019-07-08 14:43:39,987:ERROR: old_predicted_scores not in inputs
2019-07-08 14:43:40,174:INFO: - done.
2019-07-08 23:50:28,123:INFO: Creating the datasets...
2019-07-08 23:50:28,227:INFO: - done.
2019-07-08 23:50:28,228:INFO: Creating the model...
2019-07-08 23:50:28,338:WARNING: From /Users/xiaofengzhu/Documents/GitHub/continual_learning/src/model/modeling.py:534: softmax_cross_entropy_with_logits (from tensorflow.python.ops.nn_ops) is deprecated and will be removed in a future version.
Instructions for updating:

Future major versions of TensorFlow will allow gradients to flow
into the labels input on backprop by default.

See `tf.nn.softmax_cross_entropy_with_logits_v2`.

2019-07-08 23:50:28,743:INFO: - done.
2019-07-08 23:50:28,743:INFO: Starting training for at most 20 epoch(s) for the initial learner
2019-07-08 23:50:29,389:INFO: Learner 0, Epoch 1/20
