2019-10-16 02:55:21,233:INFO: Creating the datasets...
2019-10-16 02:55:21,399:INFO: - done.
2019-10-16 02:55:21,399:INFO: Creating the model...
2019-10-16 02:55:21,405:WARNING: From /home/xzhu/.conda/envs/venv/lib/python3.6/site-packages/tensorflow/python/framework/op_def_library.py:263: colocate_with (from tensorflow.python.framework.ops) is deprecated and will be removed in a future version.
Instructions for updating:
Colocations handled automatically by placer.
2019-10-16 02:55:21,488:WARNING: From /data/gluster/brick1/xzhu/wcdl1/frosting_weights/src/model/modeling.py:224: batch_normalization (from tensorflow.python.layers.normalization) is deprecated and will be removed in a future version.
Instructions for updating:
Use keras.layers.batch_normalization instead.
2019-10-16 02:55:21,512:WARNING: From /data/gluster/brick1/xzhu/wcdl1/frosting_weights/src/model/modeling.py:233: calling dropout (from tensorflow.python.ops.nn_ops) with keep_prob is deprecated and will be removed in a future version.
Instructions for updating:
Please use `rate` instead of `keep_prob`. Rate should be set to `rate = 1 - keep_prob`.
2019-10-16 02:55:21,682:WARNING: From /data/gluster/brick1/xzhu/wcdl1/frosting_weights/src/model/modeling.py:948: softmax_cross_entropy_with_logits (from tensorflow.python.ops.nn_ops) is deprecated and will be removed in a future version.
Instructions for updating:

Future major versions of TensorFlow will allow gradients to flow
into the labels input on backprop by default.

See `tf.nn.softmax_cross_entropy_with_logits_v2`.

2019-10-16 02:55:21,886:WARNING: From /home/xzhu/.conda/envs/venv/lib/python3.6/site-packages/tensorflow/python/ops/math_ops.py:3066: to_int32 (from tensorflow.python.ops.math_ops) is deprecated and will be removed in a future version.
Instructions for updating:
Use tf.cast instead.
2019-10-16 02:55:22,141:WARNING: From /home/xzhu/.conda/envs/venv/lib/python3.6/site-packages/tensorflow/python/ops/metrics_impl.py:363: to_float (from tensorflow.python.ops.math_ops) is deprecated and will be removed in a future version.
Instructions for updating:
Use tf.cast instead.
2019-10-16 02:55:22,234:INFO: - done.
2019-10-16 02:55:22,234:INFO: Starting training for at most 50 epoch(s) for the initial learner
2019-10-16 02:55:31,123:INFO: Learner 0, Epoch 1/50
2019-10-16 02:55:38,262:INFO: - Train metrics: accuracy: 0.9468 ; loss: 0.1950
2019-10-16 02:55:38,606:INFO: - Eval metrics: accuracy: 0.2201 ; loss: 5.3536
2019-10-16 02:55:38,830:INFO: - Found new best metric score, saving in experiments/base_model/best_weights/after-epoch-1
2019-10-16 02:55:38,831:INFO: Learner 0, Epoch 2/50
2019-10-16 02:55:39,617:INFO: - Train metrics: accuracy: 0.9921 ; loss: 0.0263
2019-10-16 02:55:39,746:INFO: - Eval metrics: accuracy: 0.9156 ; loss: 0.2494
2019-10-16 02:55:40,176:WARNING: From /home/xzhu/.conda/envs/venv/lib/python3.6/site-packages/tensorflow/python/training/saver.py:966: remove_checkpoint (from tensorflow.python.training.checkpoint_management) is deprecated and will be removed in a future version.
Instructions for updating:
Use standard file APIs to delete files with this prefix.
2019-10-16 02:55:40,250:INFO: - Found new best metric score, saving in experiments/base_model/best_weights/after-epoch-2
2019-10-16 02:55:40,251:INFO: Learner 0, Epoch 3/50
2019-10-16 02:55:41,040:INFO: - Train metrics: accuracy: 0.9969 ; loss: 0.0127
2019-10-16 02:55:41,163:INFO: - Eval metrics: accuracy: 0.9941 ; loss: 0.0210
2019-10-16 02:55:42,195:INFO: - Found new best metric score, saving in experiments/base_model/best_weights/after-epoch-3
2019-10-16 02:55:42,196:INFO: Learner 0, Epoch 4/50
2019-10-16 02:55:42,943:INFO: - Train metrics: accuracy: 0.9989 ; loss: 0.0070
2019-10-16 02:55:43,073:INFO: - Eval metrics: accuracy: 0.9941 ; loss: 0.0170
2019-10-16 02:55:43,394:INFO: - Found new best metric score, saving in experiments/base_model/best_weights/after-epoch-4
2019-10-16 02:55:43,395:INFO: Learner 0, Epoch 5/50
2019-10-16 02:55:44,162:INFO: - Train metrics: accuracy: 0.9997 ; loss: 0.0042
2019-10-16 02:55:44,302:INFO: - Eval metrics: accuracy: 0.9945 ; loss: 0.0169
2019-10-16 02:55:44,734:INFO: - Found new best metric score, saving in experiments/base_model/best_weights/after-epoch-5
2019-10-16 02:55:44,734:INFO: Learner 0, Epoch 6/50
2019-10-16 02:55:45,486:INFO: - Train metrics: accuracy: 1.0000 ; loss: 0.0029
2019-10-16 02:55:45,624:INFO: - Eval metrics: accuracy: 0.9945 ; loss: 0.0152
2019-10-16 02:55:45,925:INFO: - Found new best metric score, saving in experiments/base_model/best_weights/after-epoch-6
2019-10-16 02:55:45,926:INFO: Learner 0, Epoch 7/50
2019-10-16 02:55:46,683:INFO: - Train metrics: accuracy: 1.0000 ; loss: 0.0021
2019-10-16 02:55:46,820:INFO: - Eval metrics: accuracy: 0.9953 ; loss: 0.0141
2019-10-16 02:55:47,373:INFO: - Found new best metric score, saving in experiments/base_model/best_weights/after-epoch-7
2019-10-16 02:55:47,373:INFO: Learner 0, Epoch 8/50
2019-10-16 02:55:48,130:INFO: - Train metrics: accuracy: 1.0000 ; loss: 0.0017
2019-10-16 02:55:48,268:INFO: - Eval metrics: accuracy: 0.9961 ; loss: 0.0137
2019-10-16 02:55:48,681:INFO: - Found new best metric score, saving in experiments/base_model/best_weights/after-epoch-8
2019-10-16 02:55:48,681:INFO: Learner 0, Epoch 9/50
2019-10-16 02:55:49,455:INFO: - Train metrics: accuracy: 0.9999 ; loss: 0.0014
2019-10-16 02:55:49,595:INFO: - Eval metrics: accuracy: 0.9961 ; loss: 0.0131
2019-10-16 02:55:49,977:INFO: - Found new best metric score, saving in experiments/base_model/best_weights/after-epoch-9
2019-10-16 02:55:49,978:INFO: Learner 0, Epoch 10/50
2019-10-16 02:55:50,743:INFO: - Train metrics: accuracy: 1.0000 ; loss: 0.0010
2019-10-16 02:55:50,887:INFO: - Eval metrics: accuracy: 0.9961 ; loss: 0.0127
2019-10-16 02:55:51,358:INFO: - Found new best metric score, saving in experiments/base_model/best_weights/after-epoch-10
2019-10-16 02:55:51,358:INFO: Learner 0, Epoch 11/50
2019-10-16 02:55:52,110:INFO: - Train metrics: accuracy: 1.0000 ; loss: 0.0009
2019-10-16 02:55:52,251:INFO: - Eval metrics: accuracy: 0.9965 ; loss: 0.0125
2019-10-16 02:55:52,636:INFO: - Found new best metric score, saving in experiments/base_model/best_weights/after-epoch-11
2019-10-16 02:55:52,637:INFO: Learner 0, Epoch 12/50
2019-10-16 02:55:53,394:INFO: - Train metrics: accuracy: 1.0000 ; loss: 0.0007
2019-10-16 02:55:53,539:INFO: - Eval metrics: accuracy: 0.9961 ; loss: 0.0123
2019-10-16 02:55:53,540:INFO: Learner 0, Epoch 13/50
2019-10-16 02:55:54,316:INFO: - Train metrics: accuracy: 1.0000 ; loss: 0.0006
2019-10-16 02:55:54,458:INFO: - Eval metrics: accuracy: 0.9965 ; loss: 0.0127
2019-10-16 02:55:54,458:INFO: Learner 0, Epoch 14/50
2019-10-16 02:55:55,207:INFO: - Train metrics: accuracy: 1.0000 ; loss: 0.0005
2019-10-16 02:55:55,349:INFO: - Eval metrics: accuracy: 0.9965 ; loss: 0.0119
2019-10-16 02:55:55,720:INFO: - Found new best metric score, saving in experiments/base_model/best_weights/after-epoch-14
2019-10-16 02:55:55,721:INFO: Learner 0, Epoch 15/50
2019-10-16 02:55:56,480:INFO: - Train metrics: accuracy: 1.0000 ; loss: 0.0004
2019-10-16 02:55:56,624:INFO: - Eval metrics: accuracy: 0.9969 ; loss: 0.0124
2019-10-16 02:55:57,018:INFO: - Found new best metric score, saving in experiments/base_model/best_weights/after-epoch-15
2019-10-16 02:55:57,019:INFO: Learner 0, Epoch 16/50
2019-10-16 02:55:57,784:INFO: - Train metrics: accuracy: 1.0000 ; loss: 0.0004
2019-10-16 02:55:57,927:INFO: - Eval metrics: accuracy: 0.9961 ; loss: 0.0125
2019-10-16 02:55:57,928:INFO: Learner 0, Epoch 17/50
2019-10-16 02:55:58,700:INFO: - Train metrics: accuracy: 1.0000 ; loss: 0.0004
2019-10-16 02:55:58,853:INFO: - Eval metrics: accuracy: 0.9969 ; loss: 0.0115
2019-10-16 02:55:59,306:INFO: - Found new best metric score, saving in experiments/base_model/best_weights/after-epoch-17
2019-10-16 02:55:59,307:INFO: Learner 0, Epoch 18/50
2019-10-16 02:56:00,084:INFO: - Train metrics: accuracy: 1.0000 ; loss: 0.0003
2019-10-16 02:56:00,232:INFO: - Eval metrics: accuracy: 0.9969 ; loss: 0.0120
2019-10-16 02:56:00,233:INFO: Learner 0, Epoch 19/50
2019-10-16 02:56:00,999:INFO: - Train metrics: accuracy: 1.0000 ; loss: 0.0003
2019-10-16 02:56:01,143:INFO: - Eval metrics: accuracy: 0.9969 ; loss: 0.0124
2019-10-16 02:56:01,144:INFO: Learner 0, Epoch 20/50
2019-10-16 02:56:01,933:INFO: - Train metrics: accuracy: 1.0000 ; loss: 0.0002
2019-10-16 02:56:02,080:INFO: - Eval metrics: accuracy: 0.9973 ; loss: 0.0122
2019-10-16 02:56:02,542:INFO: - Found new best metric score, saving in experiments/base_model/best_weights/after-epoch-20
2019-10-16 02:56:02,543:INFO: Learner 0, Epoch 21/50
2019-10-16 02:56:03,315:INFO: - Train metrics: accuracy: 1.0000 ; loss: 0.0002
2019-10-16 02:56:03,470:INFO: - Eval metrics: accuracy: 0.9973 ; loss: 0.0121
2019-10-16 02:56:03,927:INFO: - Found new best metric score, saving in experiments/base_model/best_weights/after-epoch-21
2019-10-16 02:56:03,928:INFO: Learner 0, Epoch 22/50
2019-10-16 02:56:04,701:INFO: - Train metrics: accuracy: 1.0000 ; loss: 0.0002
2019-10-16 02:56:04,873:INFO: - Eval metrics: accuracy: 0.9973 ; loss: 0.0122
2019-10-16 02:56:04,873:INFO: Learner 0, Epoch 23/50
2019-10-16 02:56:05,634:INFO: - Train metrics: accuracy: 1.0000 ; loss: 0.0002
2019-10-16 02:56:05,781:INFO: - Eval metrics: accuracy: 0.9969 ; loss: 0.0120
2019-10-16 02:56:05,782:INFO: Learner 0, Epoch 24/50
2019-10-16 02:56:06,570:INFO: - Train metrics: accuracy: 1.0000 ; loss: 0.0001
2019-10-16 02:56:06,719:INFO: - Eval metrics: accuracy: 0.9969 ; loss: 0.0118
2019-10-16 02:56:06,720:INFO: Learner 0, Epoch 25/50
2019-10-16 02:56:07,472:INFO: - Train metrics: accuracy: 1.0000 ; loss: 0.0001
2019-10-16 02:56:07,623:INFO: - Eval metrics: accuracy: 0.9969 ; loss: 0.0121
2019-10-16 02:56:07,624:INFO: Learner 0, Epoch 26/50
2019-10-16 02:56:08,398:INFO: - Train metrics: accuracy: 1.0000 ; loss: 0.0001
2019-10-16 02:56:08,548:INFO: - Eval metrics: accuracy: 0.9969 ; loss: 0.0126
2019-10-16 02:56:08,549:INFO: Learner 0, Epoch 27/50
2019-10-16 02:56:09,307:INFO: - Train metrics: accuracy: 1.0000 ; loss: 0.0001
2019-10-16 02:56:09,463:INFO: - Eval metrics: accuracy: 0.9969 ; loss: 0.0122
2019-10-16 02:56:09,464:INFO: Learner 0, Epoch 28/50
2019-10-16 02:56:10,232:INFO: - Train metrics: accuracy: 1.0000 ; loss: 0.0001
2019-10-16 02:56:10,387:INFO: - Eval metrics: accuracy: 0.9973 ; loss: 0.0120
2019-10-16 02:56:10,776:INFO: - Found new best metric score, saving in experiments/base_model/best_weights/after-epoch-28
2019-10-16 02:56:10,777:INFO: Learner 0, Epoch 29/50
2019-10-16 02:56:11,529:INFO: - Train metrics: accuracy: 1.0000 ; loss: 0.0001
2019-10-16 02:56:11,680:INFO: - Eval metrics: accuracy: 0.9969 ; loss: 0.0122
2019-10-16 02:56:11,681:INFO: Learner 0, Epoch 30/50
2019-10-16 02:56:12,440:INFO: - Train metrics: accuracy: 1.0000 ; loss: 0.0001
2019-10-16 02:56:12,597:INFO: - Eval metrics: accuracy: 0.9969 ; loss: 0.0124
2019-10-16 02:56:12,598:INFO: Learner 0, Epoch 31/50
2019-10-16 02:56:13,352:INFO: - Train metrics: accuracy: 1.0000 ; loss: 0.0001
2019-10-16 02:56:13,504:INFO: - Eval metrics: accuracy: 0.9977 ; loss: 0.0120
2019-10-16 02:56:13,853:INFO: - Found new best metric score, saving in experiments/base_model/best_weights/after-epoch-31
2019-10-16 02:56:13,854:INFO: Learner 0, Epoch 32/50
2019-10-16 02:56:14,613:INFO: - Train metrics: accuracy: 1.0000 ; loss: 0.0001
2019-10-16 02:56:14,769:INFO: - Eval metrics: accuracy: 0.9977 ; loss: 0.0121
2019-10-16 02:56:14,770:INFO: Learner 0, Epoch 33/50
2019-10-16 02:56:15,544:INFO: - Train metrics: accuracy: 1.0000 ; loss: 0.0000
2019-10-16 02:56:15,707:INFO: - Eval metrics: accuracy: 0.9977 ; loss: 0.0119
2019-10-16 02:56:16,179:INFO: - Found new best metric score, saving in experiments/base_model/best_weights/after-epoch-33
2019-10-16 02:56:16,180:INFO: Learner 0, Epoch 34/50
2019-10-16 02:56:16,953:INFO: - Train metrics: accuracy: 1.0000 ; loss: 0.0000
2019-10-16 02:56:17,107:INFO: - Eval metrics: accuracy: 0.9977 ; loss: 0.0120
2019-10-16 02:56:17,107:INFO: Learner 0, Epoch 35/50
2019-10-16 02:56:17,868:INFO: - Train metrics: accuracy: 1.0000 ; loss: 0.0000
2019-10-16 02:56:18,024:INFO: - Eval metrics: accuracy: 0.9977 ; loss: 0.0117
2019-10-16 02:56:18,271:INFO: - Found new best metric score, saving in experiments/base_model/best_weights/after-epoch-35
2019-10-16 02:56:18,272:INFO: Learner 0, Epoch 36/50
2019-10-16 02:56:19,041:INFO: - Train metrics: accuracy: 1.0000 ; loss: 0.0000
2019-10-16 02:56:19,191:INFO: - Eval metrics: accuracy: 0.9977 ; loss: 0.0116
2019-10-16 02:56:19,663:INFO: - Found new best metric score, saving in experiments/base_model/best_weights/after-epoch-36
2019-10-16 02:56:19,664:INFO: Learner 0, Epoch 37/50
2019-10-16 02:56:20,447:INFO: - Train metrics: accuracy: 1.0000 ; loss: 0.0000
2019-10-16 02:56:20,602:INFO: - Eval metrics: accuracy: 0.9977 ; loss: 0.0124
2019-10-16 02:56:20,602:INFO: Learner 0, Epoch 38/50
2019-10-16 02:56:21,356:INFO: - Train metrics: accuracy: 1.0000 ; loss: 0.0000
2019-10-16 02:56:21,510:INFO: - Eval metrics: accuracy: 0.9973 ; loss: 0.0125
2019-10-16 02:56:21,511:INFO: Learner 0, Epoch 39/50
2019-10-16 02:56:22,283:INFO: - Train metrics: accuracy: 1.0000 ; loss: 0.0000
2019-10-16 02:56:22,448:INFO: - Eval metrics: accuracy: 0.9977 ; loss: 0.0122
2019-10-16 02:56:22,449:INFO: Learner 0, Epoch 40/50
2019-10-16 02:56:23,214:INFO: - Train metrics: accuracy: 1.0000 ; loss: 0.0000
2019-10-16 02:56:23,369:INFO: - Eval metrics: accuracy: 0.9977 ; loss: 0.0119
2019-10-16 02:56:23,370:INFO: Learner 0, Epoch 41/50
2019-10-16 02:56:24,145:INFO: - Train metrics: accuracy: 1.0000 ; loss: 0.0000
2019-10-16 02:56:24,303:INFO: - Eval metrics: accuracy: 0.9977 ; loss: 0.0129
2019-10-16 02:56:24,304:INFO: Learner 0, Epoch 42/50
2019-10-16 02:56:25,058:INFO: - Train metrics: accuracy: 1.0000 ; loss: 0.0000
2019-10-16 02:56:25,213:INFO: - Eval metrics: accuracy: 0.9977 ; loss: 0.0121
2019-10-16 02:56:25,213:INFO: Learner 0, Epoch 43/50
2019-10-16 02:56:25,982:INFO: - Train metrics: accuracy: 1.0000 ; loss: 0.0000
2019-10-16 02:56:26,144:INFO: - Eval metrics: accuracy: 0.9977 ; loss: 0.0124
2019-10-16 02:56:26,145:INFO: Learner 0, Epoch 44/50
2019-10-16 02:56:26,901:INFO: - Train metrics: accuracy: 1.0000 ; loss: 0.0000
2019-10-16 02:56:27,056:INFO: - Eval metrics: accuracy: 0.9973 ; loss: 0.0125
2019-10-16 02:56:27,057:INFO: Learner 0, Epoch 45/50
2019-10-16 02:56:27,829:INFO: - Train metrics: accuracy: 1.0000 ; loss: 0.0000
2019-10-16 02:56:27,984:INFO: - Eval metrics: accuracy: 0.9977 ; loss: 0.0123
2019-10-16 02:56:27,984:INFO: Learner 0, Epoch 46/50
2019-10-16 02:56:28,755:INFO: - Train metrics: accuracy: 1.0000 ; loss: 0.0000
2019-10-16 02:56:28,908:INFO: - Eval metrics: accuracy: 0.9977 ; loss: 0.0123
2019-10-16 02:56:28,908:INFO: Early stopping at learner 0, epoch 47/50
2019-10-16 02:56:28,937:INFO: global_epoch: 47 epoch(s) at learner 0
2019-10-16 02:56:28,948:INFO: total time: 66.71309423446655 seconds ---
