2019-06-20 14:52:55,616:INFO: Creating the datasets...
2019-06-20 14:52:55,691:INFO: - done.
2019-06-20 14:52:55,692:INFO: Creating the model...
2019-06-20 14:52:55,921:WARNING: From /Users/xiaofengzhu/Documents/GitHub/continual_learning/src/model/modeling.py:315: softmax_cross_entropy_with_logits (from tensorflow.python.ops.nn_ops) is deprecated and will be removed in a future version.
Instructions for updating:

Future major versions of TensorFlow will allow gradients to flow
into the labels input on backprop by default.

See `tf.nn.softmax_cross_entropy_with_logits_v2`.

2019-06-20 14:52:56,218:INFO: - done.
2019-06-20 14:52:56,218:INFO: Starting training for at most 1000 epoch(s) for the initial learner
2019-06-20 14:52:56,833:INFO: Learner 0, Epoch 1/1000
2019-06-20 14:55:19,330:INFO: - Train metrics: accuracy: 0.918 ; loss: 0.282
2019-06-20 14:55:23,659:INFO: - Eval metrics: accuracy: 0.974 ; loss: 0.090
2019-06-20 14:55:23,971:INFO: - Found new best metric score, saving in experiments/base_model/best_weights/after-epoch-1
2019-06-20 14:55:23,972:INFO: Learner 0, Epoch 2/1000
2019-06-20 14:57:46,309:INFO: - Train metrics: accuracy: 0.976 ; loss: 0.079
2019-06-20 14:57:50,641:INFO: - Eval metrics: accuracy: 0.981 ; loss: 0.061
2019-06-20 14:57:50,966:INFO: - Found new best metric score, saving in experiments/base_model/best_weights/after-epoch-2
2019-06-20 14:57:50,968:INFO: Learner 0, Epoch 3/1000
2019-06-20 15:00:12,457:INFO: - Train metrics: accuracy: 0.985 ; loss: 0.052
2019-06-20 15:00:16,852:INFO: - Eval metrics: accuracy: 0.982 ; loss: 0.058
2019-06-20 15:00:17,140:INFO: - Found new best metric score, saving in experiments/base_model/best_weights/after-epoch-3
2019-06-20 15:00:17,142:INFO: Learner 0, Epoch 4/1000
2019-06-20 15:02:42,126:INFO: - Train metrics: accuracy: 0.989 ; loss: 0.038
2019-06-20 15:02:46,570:INFO: - Eval metrics: accuracy: 0.982 ; loss: 0.055
2019-06-20 15:02:46,863:INFO: - Found new best metric score, saving in experiments/base_model/best_weights/after-epoch-4
2019-06-20 15:02:46,864:INFO: Learner 0, Epoch 5/1000
2019-06-20 15:05:13,616:INFO: - Train metrics: accuracy: 0.992 ; loss: 0.029
2019-06-20 15:05:17,983:INFO: - Eval metrics: accuracy: 0.984 ; loss: 0.050
2019-06-20 15:05:18,280:INFO: - Found new best metric score, saving in experiments/base_model/best_weights/after-epoch-5
2019-06-20 15:05:18,281:INFO: Learner 0, Epoch 6/1000
2019-06-20 15:07:41,965:INFO: - Train metrics: accuracy: 0.994 ; loss: 0.022
2019-06-20 15:07:46,457:INFO: - Eval metrics: accuracy: 0.985 ; loss: 0.050
2019-06-20 15:07:46,458:INFO: Learner 0, Epoch 7/1000
2019-06-20 15:10:09,871:INFO: - Train metrics: accuracy: 0.996 ; loss: 0.018
2019-06-20 15:10:14,271:INFO: - Eval metrics: accuracy: 0.985 ; loss: 0.052
2019-06-20 15:10:14,274:INFO: Learner 0, Epoch 8/1000
2019-06-20 15:12:39,330:INFO: - Train metrics: accuracy: 0.997 ; loss: 0.014
2019-06-20 15:12:43,737:INFO: - Eval metrics: accuracy: 0.985 ; loss: 0.052
2019-06-20 15:12:43,738:INFO: Learner 0, Epoch 9/1000
2019-06-20 15:14:58,960:INFO: - Train metrics: accuracy: 0.997 ; loss: 0.012
2019-06-20 15:15:03,055:INFO: - Eval metrics: accuracy: 0.985 ; loss: 0.051
2019-06-20 15:15:03,056:INFO: Learner 0, Epoch 10/1000
2019-06-20 15:17:15,931:INFO: - Train metrics: accuracy: 0.998 ; loss: 0.009
2019-06-20 15:17:19,995:INFO: - Eval metrics: accuracy: 0.986 ; loss: 0.044
2019-06-20 15:17:20,291:INFO: - Found new best metric score, saving in experiments/base_model/best_weights/after-epoch-10
2019-06-20 15:17:20,292:INFO: Learner 0, Epoch 11/1000
2019-06-20 15:19:31,935:INFO: - Train metrics: accuracy: 0.998 ; loss: 0.008
2019-06-20 15:19:35,977:INFO: - Eval metrics: accuracy: 0.986 ; loss: 0.051
2019-06-20 15:19:35,979:INFO: Learner 0, Epoch 12/1000
2019-06-20 15:21:48,205:INFO: - Train metrics: accuracy: 0.998 ; loss: 0.007
2019-06-20 15:21:52,348:INFO: - Eval metrics: accuracy: 0.988 ; loss: 0.044
2019-06-20 15:21:52,349:INFO: Learner 0, Epoch 13/1000
2019-06-20 15:24:05,436:INFO: - Train metrics: accuracy: 0.999 ; loss: 0.006
2019-06-20 15:24:09,494:INFO: - Eval metrics: accuracy: 0.988 ; loss: 0.047
2019-06-20 15:24:09,496:INFO: Learner 0, Epoch 14/1000
2019-06-20 15:26:21,435:INFO: - Train metrics: accuracy: 0.999 ; loss: 0.005
2019-06-20 15:26:25,512:INFO: - Eval metrics: accuracy: 0.987 ; loss: 0.048
2019-06-20 15:26:25,514:INFO: Learner 0, Epoch 15/1000
2019-06-20 15:28:41,923:INFO: - Train metrics: accuracy: 0.999 ; loss: 0.005
2019-06-20 15:28:46,078:INFO: - Eval metrics: accuracy: 0.988 ; loss: 0.047
2019-06-20 15:28:46,080:INFO: Learner 0, Epoch 16/1000
2019-06-20 15:30:58,349:INFO: - Train metrics: accuracy: 0.999 ; loss: 0.003
2019-06-20 15:31:02,461:INFO: - Eval metrics: accuracy: 0.990 ; loss: 0.037
2019-06-20 15:31:02,753:INFO: - Found new best metric score, saving in experiments/base_model/best_weights/after-epoch-16
2019-06-20 15:31:02,754:INFO: Learner 0, Epoch 17/1000
2019-06-20 15:33:15,100:INFO: - Train metrics: accuracy: 1.000 ; loss: 0.003
2019-06-20 15:33:19,209:INFO: - Eval metrics: accuracy: 0.991 ; loss: 0.038
2019-06-20 15:33:19,210:INFO: Learner 0, Epoch 18/1000
2019-06-20 15:35:32,606:INFO: - Train metrics: accuracy: 1.000 ; loss: 0.002
2019-06-20 15:35:36,713:INFO: - Eval metrics: accuracy: 0.991 ; loss: 0.037
2019-06-20 15:35:36,994:INFO: - Found new best metric score, saving in experiments/base_model/best_weights/after-epoch-18
2019-06-20 15:35:36,995:INFO: Learner 0, Epoch 19/1000
2019-06-20 15:37:48,719:INFO: - Train metrics: accuracy: 1.000 ; loss: 0.002
2019-06-20 15:37:52,826:INFO: - Eval metrics: accuracy: 0.989 ; loss: 0.044
2019-06-20 15:37:52,827:INFO: Learner 0, Epoch 20/1000
2019-06-20 15:40:05,513:INFO: - Train metrics: accuracy: 1.000 ; loss: 0.002
2019-06-20 15:40:09,572:INFO: - Eval metrics: accuracy: 0.991 ; loss: 0.040
2019-06-20 15:40:09,573:INFO: Learner 0, Epoch 21/1000
2019-06-20 15:42:21,714:INFO: - Train metrics: accuracy: 0.999 ; loss: 0.003
2019-06-20 15:42:25,786:INFO: - Eval metrics: accuracy: 0.991 ; loss: 0.041
2019-06-20 15:42:25,788:INFO: Learner 0, Epoch 22/1000
2019-06-20 15:44:39,141:INFO: - Train metrics: accuracy: 1.000 ; loss: 0.001
2019-06-20 15:44:43,251:INFO: - Eval metrics: accuracy: 0.991 ; loss: 0.037
2019-06-20 15:44:43,551:INFO: - Found new best metric score, saving in experiments/base_model/best_weights/after-epoch-22
2019-06-20 15:44:43,552:INFO: Learner 0, Epoch 23/1000
2019-06-20 15:46:54,273:INFO: - Train metrics: accuracy: 0.998 ; loss: 0.007
2019-06-20 15:46:58,325:INFO: - Eval metrics: accuracy: 0.990 ; loss: 0.041
2019-06-20 15:46:58,328:INFO: Learner 0, Epoch 24/1000
2019-06-20 15:49:10,455:INFO: - Train metrics: accuracy: 1.000 ; loss: 0.001
2019-06-20 15:49:14,544:INFO: - Eval metrics: accuracy: 0.992 ; loss: 0.036
2019-06-20 15:49:14,840:INFO: - Found new best metric score, saving in experiments/base_model/best_weights/after-epoch-24
2019-06-20 15:49:14,841:INFO: Learner 0, Epoch 25/1000
2019-06-20 15:51:26,555:INFO: - Train metrics: accuracy: 1.000 ; loss: 0.001
2019-06-20 15:51:30,617:INFO: - Eval metrics: accuracy: 0.992 ; loss: 0.035
2019-06-20 15:51:30,889:INFO: - Found new best metric score, saving in experiments/base_model/best_weights/after-epoch-25
2019-06-20 15:51:30,890:INFO: Learner 0, Epoch 26/1000
2019-06-20 15:53:42,196:INFO: - Train metrics: accuracy: 1.000 ; loss: 0.000
2019-06-20 15:53:46,373:INFO: - Eval metrics: accuracy: 0.992 ; loss: 0.035
2019-06-20 15:53:46,635:INFO: - Found new best metric score, saving in experiments/base_model/best_weights/after-epoch-26
2019-06-20 15:53:46,636:INFO: Learner 0, Epoch 27/1000
2019-06-20 15:55:58,130:INFO: - Train metrics: accuracy: 1.000 ; loss: 0.000
2019-06-20 15:56:02,391:INFO: - Eval metrics: accuracy: 0.992 ; loss: 0.036
2019-06-20 15:56:02,392:INFO: Learner 0, Epoch 28/1000
2019-06-20 15:58:16,215:INFO: - Train metrics: accuracy: 1.000 ; loss: 0.000
2019-06-20 15:58:20,288:INFO: - Eval metrics: accuracy: 0.993 ; loss: 0.036
2019-06-20 15:58:20,289:INFO: Learner 0, Epoch 29/1000
2019-06-20 16:00:32,324:INFO: - Train metrics: accuracy: 1.000 ; loss: 0.000
2019-06-20 16:00:36,414:INFO: - Eval metrics: accuracy: 0.993 ; loss: 0.036
2019-06-20 16:00:36,415:INFO: Learner 0, Epoch 30/1000
2019-06-20 16:02:48,219:INFO: - Train metrics: accuracy: 1.000 ; loss: 0.000
2019-06-20 16:02:52,329:INFO: - Eval metrics: accuracy: 0.993 ; loss: 0.036
2019-06-20 16:02:52,330:INFO: Learner 0, Epoch 31/1000
2019-06-20 16:05:03,759:INFO: - Train metrics: accuracy: 1.000 ; loss: 0.000
2019-06-20 16:05:07,803:INFO: - Eval metrics: accuracy: 0.993 ; loss: 0.037
2019-06-20 16:05:07,805:INFO: Learner 0, Epoch 32/1000
2019-06-20 16:07:19,229:INFO: - Train metrics: accuracy: 1.000 ; loss: 0.000
2019-06-20 16:07:23,270:INFO: - Eval metrics: accuracy: 0.992 ; loss: 0.037
2019-06-20 16:07:23,271:INFO: Learner 0, Epoch 33/1000
2019-06-20 16:09:35,149:INFO: - Train metrics: accuracy: 1.000 ; loss: 0.000
2019-06-20 16:09:39,184:INFO: - Eval metrics: accuracy: 0.992 ; loss: 0.037
2019-06-20 16:09:39,185:INFO: Learner 0, Epoch 34/1000
2019-06-20 16:11:50,083:INFO: - Train metrics: accuracy: 1.000 ; loss: 0.000
2019-06-20 16:11:54,336:INFO: - Eval metrics: accuracy: 0.993 ; loss: 0.038
2019-06-20 16:11:54,337:INFO: Learner 0, Epoch 35/1000
2019-06-20 16:14:06,256:INFO: - Train metrics: accuracy: 1.000 ; loss: 0.000
2019-06-20 16:14:10,322:INFO: - Eval metrics: accuracy: 0.993 ; loss: 0.039
2019-06-20 16:14:10,324:INFO: Learner 0, Epoch 36/1000
2019-06-20 16:16:22,927:INFO: - Train metrics: accuracy: 1.000 ; loss: 0.000
2019-06-20 16:16:26,993:INFO: - Eval metrics: accuracy: 0.993 ; loss: 0.039
2019-06-20 16:16:26,995:INFO: Learner 0, Epoch 37/1000
2019-06-20 16:18:39,954:INFO: - Train metrics: accuracy: 1.000 ; loss: 0.000
2019-06-20 16:18:44,066:INFO: - Eval metrics: accuracy: 0.993 ; loss: 0.040
2019-06-20 16:18:44,068:INFO: Learner 0, Epoch 38/1000
2019-06-20 16:20:54,742:INFO: - Train metrics: accuracy: 1.000 ; loss: 0.000
2019-06-20 16:20:58,816:INFO: - Eval metrics: accuracy: 0.993 ; loss: 0.041
2019-06-20 16:20:58,818:INFO: Learner 0, Epoch 39/1000
2019-06-20 16:23:11,603:INFO: - Train metrics: accuracy: 1.000 ; loss: 0.000
2019-06-20 16:23:15,698:INFO: - Eval metrics: accuracy: 0.993 ; loss: 0.042
2019-06-20 16:23:15,699:INFO: Learner 0, Epoch 40/1000
2019-06-20 16:25:26,556:INFO: - Train metrics: accuracy: 1.000 ; loss: 0.000
2019-06-20 16:25:30,630:INFO: - Eval metrics: accuracy: 0.993 ; loss: 0.043
2019-06-20 16:25:30,632:INFO: Learner 0, Epoch 41/1000
2019-06-20 16:27:41,939:INFO: - Train metrics: accuracy: 1.000 ; loss: 0.000
2019-06-20 16:27:46,075:INFO: - Eval metrics: accuracy: 0.993 ; loss: 0.044
2019-06-20 16:27:46,077:INFO: Learner 0, Epoch 42/1000
2019-06-20 16:29:58,456:INFO: - Train metrics: accuracy: 1.000 ; loss: 0.000
2019-06-20 16:30:02,561:INFO: - Eval metrics: accuracy: 0.993 ; loss: 0.045
2019-06-20 16:30:02,562:INFO: Learner 0, Epoch 43/1000
2019-06-20 16:32:13,696:INFO: - Train metrics: accuracy: 1.000 ; loss: 0.000
2019-06-20 16:32:17,738:INFO: - Eval metrics: accuracy: 0.993 ; loss: 0.046
2019-06-20 16:32:17,739:INFO: Learner 0, Epoch 44/1000
2019-06-20 16:34:29,230:INFO: - Train metrics: accuracy: 1.000 ; loss: 0.000
2019-06-20 16:34:33,354:INFO: - Eval metrics: accuracy: 0.993 ; loss: 0.047
2019-06-20 16:34:33,355:INFO: Learner 0, Epoch 45/1000
2019-06-20 16:36:45,229:INFO: - Train metrics: accuracy: 1.000 ; loss: 0.000
2019-06-20 16:36:49,375:INFO: - Eval metrics: accuracy: 0.993 ; loss: 0.048
2019-06-20 16:36:49,377:INFO: Learner 0, Epoch 46/1000
2019-06-20 16:39:01,218:INFO: - Train metrics: accuracy: 1.000 ; loss: 0.000
2019-06-20 16:39:05,289:INFO: - Eval metrics: accuracy: 0.993 ; loss: 0.048
2019-06-20 16:39:05,290:INFO: Learner 0, Epoch 47/1000
2019-06-20 16:41:16,579:INFO: - Train metrics: accuracy: 1.000 ; loss: 0.000
2019-06-20 16:41:20,683:INFO: - Eval metrics: accuracy: 0.993 ; loss: 0.050
2019-06-20 16:41:20,685:INFO: Learner 0, Epoch 48/1000
2019-06-20 16:43:31,653:INFO: - Train metrics: accuracy: 1.000 ; loss: 0.000
2019-06-20 16:43:35,717:INFO: - Eval metrics: accuracy: 0.993 ; loss: 0.051
2019-06-20 16:43:35,719:INFO: Learner 0, Epoch 49/1000
2019-06-20 16:45:46,973:INFO: - Train metrics: accuracy: 1.000 ; loss: 0.000
2019-06-20 16:45:51,018:INFO: - Eval metrics: accuracy: 0.993 ; loss: 0.052
2019-06-20 16:45:51,019:INFO: Learner 0, Epoch 50/1000
2019-06-20 16:48:04,461:INFO: - Train metrics: accuracy: 1.000 ; loss: 0.000
2019-06-20 16:48:08,531:INFO: - Eval metrics: accuracy: 0.993 ; loss: 0.053
2019-06-20 16:48:08,533:INFO: Learner 0, Epoch 51/1000
2019-06-20 16:50:20,332:INFO: - Train metrics: accuracy: 1.000 ; loss: 0.000
2019-06-20 16:50:24,503:INFO: - Eval metrics: accuracy: 0.992 ; loss: 0.054
2019-06-20 16:50:24,505:INFO: Learner 0, Epoch 52/1000
2019-06-20 16:52:36,180:INFO: - Train metrics: accuracy: 1.000 ; loss: 0.000
2019-06-20 16:52:40,269:INFO: - Eval metrics: accuracy: 0.992 ; loss: 0.055
2019-06-20 16:52:40,271:INFO: Learner 0, Epoch 53/1000
2019-06-20 16:54:52,994:INFO: - Train metrics: accuracy: 1.000 ; loss: 0.000
2019-06-20 16:54:57,062:INFO: - Eval metrics: accuracy: 0.993 ; loss: 0.056
2019-06-20 16:54:57,063:INFO: Learner 0, Epoch 54/1000
2019-06-20 16:57:09,151:INFO: - Train metrics: accuracy: 1.000 ; loss: 0.000
2019-06-20 16:57:13,224:INFO: - Eval metrics: accuracy: 0.993 ; loss: 0.057
2019-06-20 16:57:13,227:INFO: Learner 0, Epoch 55/1000
2019-06-20 16:59:25,597:INFO: - Train metrics: accuracy: 1.000 ; loss: 0.000
2019-06-20 16:59:29,670:INFO: - Eval metrics: accuracy: 0.993 ; loss: 0.058
2019-06-20 16:59:29,672:INFO: Learner 0, Epoch 56/1000
2019-06-20 17:01:41,100:INFO: - Train metrics: accuracy: 1.000 ; loss: 0.000
2019-06-20 17:01:45,173:INFO: - Eval metrics: accuracy: 0.993 ; loss: 0.060
2019-06-20 17:01:45,175:INFO: Learner 0, Epoch 57/1000
2019-06-20 17:03:59,220:INFO: - Train metrics: accuracy: 1.000 ; loss: 0.000
2019-06-20 17:04:03,318:INFO: - Eval metrics: accuracy: 0.993 ; loss: 0.061
2019-06-20 17:04:03,321:INFO: Learner 0, Epoch 58/1000
2019-06-20 17:06:15,593:INFO: - Train metrics: accuracy: 1.000 ; loss: 0.000
2019-06-20 17:06:19,669:INFO: - Eval metrics: accuracy: 0.993 ; loss: 0.062
2019-06-20 17:06:19,671:INFO: Learner 0, Epoch 59/1000
2019-06-20 17:08:31,981:INFO: - Train metrics: accuracy: 1.000 ; loss: 0.000
2019-06-20 17:08:36,053:INFO: - Eval metrics: accuracy: 0.993 ; loss: 0.063
2019-06-20 17:08:36,054:INFO: Learner 0, Epoch 60/1000
2019-06-20 17:10:46,959:INFO: - Train metrics: accuracy: 1.000 ; loss: 0.000
2019-06-20 17:10:51,015:INFO: - Eval metrics: accuracy: 0.993 ; loss: 0.064
2019-06-20 17:10:51,018:INFO: Learner 0, Epoch 61/1000
2019-06-20 17:13:03,405:INFO: - Train metrics: accuracy: 1.000 ; loss: 0.000
2019-06-20 17:13:07,434:INFO: - Eval metrics: accuracy: 0.993 ; loss: 0.066
2019-06-20 17:13:07,435:INFO: Learner 0, Epoch 62/1000
2019-06-20 17:15:20,271:INFO: - Train metrics: accuracy: 1.000 ; loss: 0.000
2019-06-20 17:15:24,294:INFO: - Eval metrics: accuracy: 0.993 ; loss: 0.067
2019-06-20 17:15:24,296:INFO: Learner 0, Epoch 63/1000
2019-06-20 17:17:35,992:INFO: - Train metrics: accuracy: 1.000 ; loss: 0.000
2019-06-20 17:17:40,038:INFO: - Eval metrics: accuracy: 0.993 ; loss: 0.068
2019-06-20 17:17:40,040:INFO: Learner 0, Epoch 64/1000
2019-06-20 17:19:51,241:INFO: - Train metrics: accuracy: 1.000 ; loss: 0.000
2019-06-20 17:19:55,305:INFO: - Eval metrics: accuracy: 0.993 ; loss: 0.069
2019-06-20 17:19:55,306:INFO: Learner 0, Epoch 65/1000
2019-06-20 17:22:07,050:INFO: - Train metrics: accuracy: 1.000 ; loss: 0.000
2019-06-20 17:22:11,229:INFO: - Eval metrics: accuracy: 0.992 ; loss: 0.070
2019-06-20 17:22:11,231:INFO: Learner 0, Epoch 66/1000
2019-06-20 17:24:24,590:INFO: - Train metrics: accuracy: 1.000 ; loss: 0.000
2019-06-20 17:24:28,615:INFO: - Eval metrics: accuracy: 0.992 ; loss: 0.071
2019-06-20 17:24:28,617:INFO: Learner 0, Epoch 67/1000
2019-06-20 17:26:40,228:INFO: - Train metrics: accuracy: 1.000 ; loss: 0.000
2019-06-20 17:26:44,328:INFO: - Eval metrics: accuracy: 0.993 ; loss: 0.072
2019-06-20 17:26:44,331:INFO: Learner 0, Epoch 68/1000
2019-06-20 17:28:56,167:INFO: - Train metrics: accuracy: 1.000 ; loss: 0.000
2019-06-20 17:29:00,194:INFO: - Eval metrics: accuracy: 0.992 ; loss: 0.073
2019-06-20 17:29:00,195:INFO: Learner 0, Epoch 69/1000
2019-06-20 17:31:10,593:INFO: - Train metrics: accuracy: 1.000 ; loss: 0.000
2019-06-20 17:31:14,697:INFO: - Eval metrics: accuracy: 0.992 ; loss: 0.074
2019-06-20 17:31:14,699:INFO: Learner 0, Epoch 70/1000
2019-06-20 17:33:26,709:INFO: - Train metrics: accuracy: 1.000 ; loss: 0.000
2019-06-20 17:33:30,856:INFO: - Eval metrics: accuracy: 0.992 ; loss: 0.075
2019-06-20 17:33:30,859:INFO: Learner 0, Epoch 71/1000
2019-06-20 17:35:41,657:INFO: - Train metrics: accuracy: 1.000 ; loss: 0.000
2019-06-20 17:35:45,747:INFO: - Eval metrics: accuracy: 0.993 ; loss: 0.076
2019-06-20 17:35:45,749:INFO: Learner 0, Epoch 72/1000
2019-06-20 17:37:57,919:INFO: - Train metrics: accuracy: 1.000 ; loss: 0.000
2019-06-20 17:38:02,022:INFO: - Eval metrics: accuracy: 0.993 ; loss: 0.076
2019-06-20 17:38:02,023:INFO: Learner 0, Epoch 73/1000
2019-06-20 17:40:13,869:INFO: - Train metrics: accuracy: 1.000 ; loss: 0.000
2019-06-20 17:40:17,907:INFO: - Eval metrics: accuracy: 0.992 ; loss: 0.078
2019-06-20 17:40:17,908:INFO: Learner 0, Epoch 74/1000
2019-06-20 17:42:29,189:INFO: - Train metrics: accuracy: 1.000 ; loss: 0.000
2019-06-20 17:42:33,396:INFO: - Eval metrics: accuracy: 0.992 ; loss: 0.078
2019-06-20 17:42:33,399:INFO: Learner 0, Epoch 75/1000
2019-06-20 17:44:45,358:INFO: - Train metrics: accuracy: 1.000 ; loss: 0.000
2019-06-20 17:44:49,411:INFO: - Eval metrics: accuracy: 0.992 ; loss: 0.079
2019-06-20 17:44:49,412:INFO: Learner 0, Epoch 76/1000
2019-06-20 17:46:59,935:INFO: - Train metrics: accuracy: 1.000 ; loss: 0.000
2019-06-20 17:47:03,997:INFO: - Eval metrics: accuracy: 0.992 ; loss: 0.080
2019-06-20 17:47:03,999:INFO: Learner 0, Epoch 77/1000
2019-06-20 17:49:15,289:INFO: - Train metrics: accuracy: 1.000 ; loss: 0.000
2019-06-20 17:49:19,354:INFO: - Eval metrics: accuracy: 0.992 ; loss: 0.081
2019-06-20 17:49:19,355:INFO: Learner 0, Epoch 78/1000
2019-06-20 17:51:30,107:INFO: - Train metrics: accuracy: 1.000 ; loss: 0.000
2019-06-20 17:51:34,154:INFO: - Eval metrics: accuracy: 0.992 ; loss: 0.083
2019-06-20 17:51:34,156:INFO: Learner 0, Epoch 79/1000
2019-06-20 17:53:48,864:INFO: - Train metrics: accuracy: 1.000 ; loss: 0.000
2019-06-20 17:53:52,921:INFO: - Eval metrics: accuracy: 0.992 ; loss: 0.084
2019-06-20 17:53:52,922:INFO: Learner 0, Epoch 80/1000
2019-06-20 17:56:06,153:INFO: - Train metrics: accuracy: 1.000 ; loss: 0.000
2019-06-20 17:56:10,187:INFO: - Eval metrics: accuracy: 0.992 ; loss: 0.085
2019-06-20 17:56:10,189:INFO: Learner 0, Epoch 81/1000
2019-06-20 17:58:21,727:INFO: - Train metrics: accuracy: 1.000 ; loss: 0.000
2019-06-20 17:58:25,766:INFO: - Eval metrics: accuracy: 0.992 ; loss: 0.088
2019-06-20 17:58:25,768:INFO: Learner 0, Epoch 82/1000
2019-06-20 18:00:38,199:INFO: - Train metrics: accuracy: 0.997 ; loss: 0.014
2019-06-20 18:00:42,221:INFO: - Eval metrics: accuracy: 0.983 ; loss: 0.159
2019-06-20 18:00:42,223:INFO: Learner 0, Epoch 83/1000
2019-06-20 18:02:54,873:INFO: - Train metrics: accuracy: 0.999 ; loss: 0.004
2019-06-20 18:02:58,876:INFO: - Eval metrics: accuracy: 0.992 ; loss: 0.080
2019-06-20 18:02:58,877:INFO: Learner 0, Epoch 84/1000
2019-06-20 18:05:10,816:INFO: - Train metrics: accuracy: 0.999 ; loss: 0.002
2019-06-20 18:05:15,009:INFO: - Eval metrics: accuracy: 0.992 ; loss: 0.074
2019-06-20 18:05:15,011:INFO: Learner 0, Epoch 85/1000
2019-06-20 18:07:26,196:INFO: - Train metrics: accuracy: 1.000 ; loss: 0.001
2019-06-20 18:07:30,267:INFO: - Eval metrics: accuracy: 0.993 ; loss: 0.074
2019-06-20 18:07:30,268:INFO: Learner 0, Epoch 86/1000
2019-06-20 18:09:43,749:INFO: - Train metrics: accuracy: 1.000 ; loss: 0.000
2019-06-20 18:09:47,832:INFO: - Eval metrics: accuracy: 0.993 ; loss: 0.076
2019-06-20 18:09:47,833:INFO: Learner 0, Epoch 87/1000
2019-06-20 18:11:59,507:INFO: - Train metrics: accuracy: 1.000 ; loss: 0.000
2019-06-20 18:12:03,668:INFO: - Eval metrics: accuracy: 0.993 ; loss: 0.071
2019-06-20 18:12:03,670:INFO: Learner 0, Epoch 88/1000
2019-06-20 18:14:16,456:INFO: - Train metrics: accuracy: 1.000 ; loss: 0.000
2019-06-20 18:14:20,508:INFO: - Eval metrics: accuracy: 0.993 ; loss: 0.071
2019-06-20 18:14:20,510:INFO: Learner 0, Epoch 89/1000
2019-06-20 18:16:30,898:INFO: - Train metrics: accuracy: 1.000 ; loss: 0.000
2019-06-20 18:16:34,977:INFO: - Eval metrics: accuracy: 0.993 ; loss: 0.070
2019-06-20 18:16:34,979:INFO: Learner 0, Epoch 90/1000
2019-06-20 18:18:46,185:INFO: - Train metrics: accuracy: 1.000 ; loss: 0.000
2019-06-20 18:18:50,222:INFO: - Eval metrics: accuracy: 0.993 ; loss: 0.070
2019-06-20 18:18:50,224:INFO: Learner 0, Epoch 91/1000
2019-06-20 18:21:01,776:INFO: - Train metrics: accuracy: 1.000 ; loss: 0.000
2019-06-20 18:21:05,809:INFO: - Eval metrics: accuracy: 0.993 ; loss: 0.070
2019-06-20 18:21:05,810:INFO: Learner 0, Epoch 92/1000
2019-06-20 18:23:16,171:INFO: - Train metrics: accuracy: 1.000 ; loss: 0.000
2019-06-20 18:23:20,234:INFO: - Eval metrics: accuracy: 0.993 ; loss: 0.070
2019-06-20 18:23:20,235:INFO: Learner 0, Epoch 93/1000
2019-06-20 18:25:31,219:INFO: - Train metrics: accuracy: 1.000 ; loss: 0.000
2019-06-20 18:25:35,246:INFO: - Eval metrics: accuracy: 0.993 ; loss: 0.070
2019-06-20 18:25:35,247:INFO: Learner 0, Epoch 94/1000
2019-06-20 18:27:46,151:INFO: - Train metrics: accuracy: 1.000 ; loss: 0.000
2019-06-20 18:27:50,205:INFO: - Eval metrics: accuracy: 0.993 ; loss: 0.069
2019-06-20 18:27:50,207:INFO: Learner 0, Epoch 95/1000
2019-06-20 18:30:02,904:INFO: - Train metrics: accuracy: 1.000 ; loss: 0.000
2019-06-20 18:30:06,939:INFO: - Eval metrics: accuracy: 0.993 ; loss: 0.069
2019-06-20 18:30:06,941:INFO: Learner 0, Epoch 96/1000
2019-06-20 18:32:19,287:INFO: - Train metrics: accuracy: 1.000 ; loss: 0.000
2019-06-20 18:32:23,344:INFO: - Eval metrics: accuracy: 0.993 ; loss: 0.069
2019-06-20 18:32:23,345:INFO: Learner 0, Epoch 97/1000
2019-06-20 18:34:36,067:INFO: - Train metrics: accuracy: 1.000 ; loss: 0.000
2019-06-20 18:34:40,071:INFO: - Eval metrics: accuracy: 0.993 ; loss: 0.069
2019-06-20 18:34:40,072:INFO: Learner 0, Epoch 98/1000
2019-06-20 18:36:51,010:INFO: - Train metrics: accuracy: 1.000 ; loss: 0.000
2019-06-20 18:36:55,183:INFO: - Eval metrics: accuracy: 0.993 ; loss: 0.069
2019-06-20 18:36:55,184:INFO: Learner 0, Epoch 99/1000
2019-06-20 18:39:06,710:INFO: - Train metrics: accuracy: 1.000 ; loss: 0.000
2019-06-20 18:39:10,783:INFO: - Eval metrics: accuracy: 0.993 ; loss: 0.069
2019-06-20 18:39:10,784:INFO: Learner 0, Epoch 100/1000
2019-06-20 18:41:21,632:INFO: - Train metrics: accuracy: 1.000 ; loss: 0.000
2019-06-20 18:41:25,690:INFO: - Eval metrics: accuracy: 0.993 ; loss: 0.069
2019-06-20 18:41:25,692:INFO: Learner 0, Epoch 101/1000
2019-06-20 18:43:38,073:INFO: - Train metrics: accuracy: 1.000 ; loss: 0.000
2019-06-20 18:43:42,121:INFO: - Eval metrics: accuracy: 0.993 ; loss: 0.069
2019-06-20 18:43:42,122:INFO: Learner 0, Epoch 102/1000
2019-06-20 18:45:53,071:INFO: - Train metrics: accuracy: 1.000 ; loss: 0.000
2019-06-20 18:45:57,099:INFO: - Eval metrics: accuracy: 0.993 ; loss: 0.069
2019-06-20 18:45:57,101:INFO: Learner 0, Epoch 103/1000
2019-06-20 18:48:08,414:INFO: - Train metrics: accuracy: 1.000 ; loss: 0.000
2019-06-20 18:48:12,466:INFO: - Eval metrics: accuracy: 0.993 ; loss: 0.069
2019-06-20 18:48:12,468:INFO: Learner 0, Epoch 104/1000
2019-06-20 18:50:26,106:INFO: - Train metrics: accuracy: 1.000 ; loss: 0.000
2019-06-20 18:50:30,225:INFO: - Eval metrics: accuracy: 0.993 ; loss: 0.069
2019-06-20 18:50:30,226:INFO: Learner 0, Epoch 105/1000
2019-06-20 18:52:44,676:INFO: - Train metrics: accuracy: 1.000 ; loss: 0.000
2019-06-20 18:52:48,738:INFO: - Eval metrics: accuracy: 0.993 ; loss: 0.070
2019-06-20 18:52:48,739:INFO: Learner 0, Epoch 106/1000
2019-06-20 18:55:01,812:INFO: - Train metrics: accuracy: 1.000 ; loss: 0.000
2019-06-20 18:55:05,883:INFO: - Eval metrics: accuracy: 0.993 ; loss: 0.070
2019-06-20 18:55:05,885:INFO: Learner 0, Epoch 107/1000
2019-06-20 18:57:17,082:INFO: - Train metrics: accuracy: 1.000 ; loss: 0.000
2019-06-20 18:57:21,220:INFO: - Eval metrics: accuracy: 0.993 ; loss: 0.070
2019-06-20 18:57:21,221:INFO: Learner 0, Epoch 108/1000
2019-06-20 18:59:33,954:INFO: - Train metrics: accuracy: 1.000 ; loss: 0.000
2019-06-20 18:59:38,036:INFO: - Eval metrics: accuracy: 0.993 ; loss: 0.070
2019-06-20 18:59:38,037:INFO: Learner 0, Epoch 109/1000
2019-06-20 19:01:50,220:INFO: - Train metrics: accuracy: 1.000 ; loss: 0.000
2019-06-20 19:01:54,306:INFO: - Eval metrics: accuracy: 0.993 ; loss: 0.071
2019-06-20 19:01:54,307:INFO: Learner 0, Epoch 110/1000
2019-06-20 19:04:06,335:INFO: - Train metrics: accuracy: 1.000 ; loss: 0.000
2019-06-20 19:04:10,375:INFO: - Eval metrics: accuracy: 0.993 ; loss: 0.071
2019-06-20 19:04:10,377:INFO: Learner 0, Epoch 111/1000
2019-06-20 19:06:21,921:INFO: - Train metrics: accuracy: 1.000 ; loss: 0.000
2019-06-20 19:06:26,014:INFO: - Eval metrics: accuracy: 0.993 ; loss: 0.071
2019-06-20 19:06:26,016:INFO: Learner 0, Epoch 112/1000
2019-06-20 19:08:37,480:INFO: - Train metrics: accuracy: 1.000 ; loss: 0.000
2019-06-20 19:08:41,548:INFO: - Eval metrics: accuracy: 0.993 ; loss: 0.071
2019-06-20 19:08:41,550:INFO: Learner 0, Epoch 113/1000
2019-06-20 19:10:55,175:INFO: - Train metrics: accuracy: 1.000 ; loss: 0.000
2019-06-20 19:10:59,234:INFO: - Eval metrics: accuracy: 0.993 ; loss: 0.072
2019-06-20 19:10:59,235:INFO: Learner 0, Epoch 114/1000
2019-06-20 19:13:10,828:INFO: - Train metrics: accuracy: 1.000 ; loss: 0.000
2019-06-20 19:13:14,968:INFO: - Eval metrics: accuracy: 0.993 ; loss: 0.072
2019-06-20 19:13:14,970:INFO: Learner 0, Epoch 115/1000
2019-06-20 19:15:26,976:INFO: - Train metrics: accuracy: 1.000 ; loss: 0.000
2019-06-20 19:15:31,023:INFO: - Eval metrics: accuracy: 0.993 ; loss: 0.073
2019-06-20 19:15:31,024:INFO: Learner 0, Epoch 116/1000
2019-06-20 19:17:43,918:INFO: - Train metrics: accuracy: 1.000 ; loss: 0.000
2019-06-20 19:17:47,970:INFO: - Eval metrics: accuracy: 0.993 ; loss: 0.073
2019-06-20 19:17:47,972:INFO: Learner 0, Epoch 117/1000
2019-06-20 19:19:58,370:INFO: - Train metrics: accuracy: 1.000 ; loss: 0.000
2019-06-20 19:20:02,446:INFO: - Eval metrics: accuracy: 0.993 ; loss: 0.073
2019-06-20 19:20:02,448:INFO: Learner 0, Epoch 118/1000
2019-06-20 19:22:14,642:INFO: - Train metrics: accuracy: 1.000 ; loss: 0.000
2019-06-20 19:22:18,655:INFO: - Eval metrics: accuracy: 0.993 ; loss: 0.074
2019-06-20 19:22:18,657:INFO: Learner 0, Epoch 119/1000
2019-06-20 19:24:30,620:INFO: - Train metrics: accuracy: 1.000 ; loss: 0.000
2019-06-20 19:24:34,725:INFO: - Eval metrics: accuracy: 0.993 ; loss: 0.074
2019-06-20 19:24:34,727:INFO: Learner 0, Epoch 120/1000
2019-06-20 19:26:46,699:INFO: - Train metrics: accuracy: 1.000 ; loss: 0.000
2019-06-20 19:26:50,783:INFO: - Eval metrics: accuracy: 0.993 ; loss: 0.075
2019-06-20 19:26:50,785:INFO: Learner 0, Epoch 121/1000
2019-06-20 19:29:02,269:INFO: - Train metrics: accuracy: 1.000 ; loss: 0.000
2019-06-20 19:29:06,308:INFO: - Eval metrics: accuracy: 0.993 ; loss: 0.075
2019-06-20 19:29:06,309:INFO: Learner 0, Epoch 122/1000
2019-06-20 19:31:20,457:INFO: - Train metrics: accuracy: 1.000 ; loss: 0.000
2019-06-20 19:31:24,491:INFO: - Eval metrics: accuracy: 0.993 ; loss: 0.076
2019-06-20 19:31:24,493:INFO: Learner 0, Epoch 123/1000
2019-06-20 19:33:35,198:INFO: - Train metrics: accuracy: 1.000 ; loss: 0.000
2019-06-20 19:33:39,253:INFO: - Eval metrics: accuracy: 0.993 ; loss: 0.076
2019-06-20 19:33:39,255:INFO: Learner 0, Epoch 124/1000
2019-06-20 19:35:51,310:INFO: - Train metrics: accuracy: 1.000 ; loss: 0.000
2019-06-20 19:35:55,384:INFO: - Eval metrics: accuracy: 0.993 ; loss: 0.077
2019-06-20 19:35:55,385:INFO: Learner 0, Epoch 125/1000
2019-06-20 19:38:07,351:INFO: - Train metrics: accuracy: 1.000 ; loss: 0.000
2019-06-20 19:38:11,433:INFO: - Eval metrics: accuracy: 0.993 ; loss: 0.078
2019-06-20 19:38:11,434:INFO: Learner 0, Epoch 126/1000
2019-06-20 19:40:22,362:INFO: - Train metrics: accuracy: 1.000 ; loss: 0.000
2019-06-20 19:40:26,539:INFO: - Eval metrics: accuracy: 0.993 ; loss: 0.078
2019-06-20 19:40:26,540:INFO: Learner 0, Epoch 127/1000
2019-06-20 19:42:38,053:INFO: - Train metrics: accuracy: 1.000 ; loss: 0.000
2019-06-20 19:42:42,138:INFO: - Eval metrics: accuracy: 0.993 ; loss: 0.079
2019-06-20 19:42:42,139:INFO: Learner 0, Epoch 128/1000
2019-06-20 19:44:52,888:INFO: - Train metrics: accuracy: 1.000 ; loss: 0.000
2019-06-20 19:44:56,971:INFO: - Eval metrics: accuracy: 0.993 ; loss: 0.080
2019-06-20 19:44:56,973:INFO: Learner 0, Epoch 129/1000
2019-06-20 19:47:07,544:INFO: - Train metrics: accuracy: 1.000 ; loss: 0.000
2019-06-20 19:47:11,592:INFO: - Eval metrics: accuracy: 0.993 ; loss: 0.081
2019-06-20 19:47:11,594:INFO: Learner 0, Epoch 130/1000
2019-06-20 19:49:22,960:INFO: - Train metrics: accuracy: 1.000 ; loss: 0.000
2019-06-20 19:49:27,024:INFO: - Eval metrics: accuracy: 0.993 ; loss: 0.082
2019-06-20 19:49:27,025:INFO: Learner 0, Epoch 131/1000
2019-06-20 19:51:38,694:INFO: - Train metrics: accuracy: 1.000 ; loss: 0.000
2019-06-20 19:51:42,837:INFO: - Eval metrics: accuracy: 0.993 ; loss: 0.082
2019-06-20 19:51:42,839:INFO: Learner 0, Epoch 132/1000
2019-06-20 19:53:54,396:INFO: - Train metrics: accuracy: 1.000 ; loss: 0.000
2019-06-20 19:53:58,484:INFO: - Eval metrics: accuracy: 0.993 ; loss: 0.084
2019-06-20 19:53:58,486:INFO: Learner 0, Epoch 133/1000
2019-06-20 19:56:09,552:INFO: - Train metrics: accuracy: 1.000 ; loss: 0.000
2019-06-20 19:56:13,596:INFO: - Eval metrics: accuracy: 0.993 ; loss: 0.085
2019-06-20 19:56:13,599:INFO: Learner 0, Epoch 134/1000
2019-06-20 19:58:25,499:INFO: - Train metrics: accuracy: 1.000 ; loss: 0.000
2019-06-20 19:58:29,630:INFO: - Eval metrics: accuracy: 0.993 ; loss: 0.086
2019-06-20 19:58:29,632:INFO: Learner 0, Epoch 135/1000
2019-06-20 20:00:41,287:INFO: - Train metrics: accuracy: 1.000 ; loss: 0.000
2019-06-20 20:00:45,574:INFO: - Eval metrics: accuracy: 0.993 ; loss: 0.087
2019-06-20 20:00:45,576:INFO: Learner 0, Epoch 136/1000
2019-06-20 20:02:56,809:INFO: - Train metrics: accuracy: 1.000 ; loss: 0.000
2019-06-20 20:03:00,919:INFO: - Eval metrics: accuracy: 0.993 ; loss: 0.089
2019-06-20 20:03:00,921:INFO: Learner 0, Epoch 137/1000
2019-06-20 20:05:12,707:INFO: - Train metrics: accuracy: 1.000 ; loss: 0.000
2019-06-20 20:05:16,747:INFO: - Eval metrics: accuracy: 0.993 ; loss: 0.090
2019-06-20 20:05:16,748:INFO: Learner 0, Epoch 138/1000
2019-06-20 20:07:28,543:INFO: - Train metrics: accuracy: 1.000 ; loss: 0.000
2019-06-20 20:07:32,999:INFO: - Eval metrics: accuracy: 0.993 ; loss: 0.092
2019-06-20 20:07:33,001:INFO: Learner 0, Epoch 139/1000
2019-06-20 20:09:47,146:INFO: - Train metrics: accuracy: 1.000 ; loss: 0.000
2019-06-20 20:09:51,402:INFO: - Eval metrics: accuracy: 0.993 ; loss: 0.093
2019-06-20 20:09:51,404:INFO: Learner 0, Epoch 140/1000
2019-06-20 20:12:02,460:INFO: - Train metrics: accuracy: 1.000 ; loss: 0.000
2019-06-20 20:12:06,536:INFO: - Eval metrics: accuracy: 0.993 ; loss: 0.095
2019-06-20 20:12:06,537:INFO: Learner 0, Epoch 141/1000
2019-06-20 20:14:21,257:INFO: - Train metrics: accuracy: 1.000 ; loss: 0.000
2019-06-20 20:14:25,911:INFO: - Eval metrics: accuracy: 0.993 ; loss: 0.097
2019-06-20 20:14:25,912:INFO: Learner 0, Epoch 142/1000
2019-06-20 20:16:37,158:INFO: - Train metrics: accuracy: 1.000 ; loss: 0.000
2019-06-20 20:16:41,223:INFO: - Eval metrics: accuracy: 0.992 ; loss: 0.099
2019-06-20 20:16:41,224:INFO: Learner 0, Epoch 143/1000
2019-06-20 20:19:01,933:INFO: - Train metrics: accuracy: 1.000 ; loss: 0.000
2019-06-20 20:19:06,527:INFO: - Eval metrics: accuracy: 0.992 ; loss: 0.101
2019-06-20 20:19:06,529:INFO: Learner 0, Epoch 144/1000
2019-06-20 20:21:51,260:INFO: - Train metrics: accuracy: 1.000 ; loss: 0.000
2019-06-20 20:21:59,272:INFO: - Eval metrics: accuracy: 0.992 ; loss: 0.104
2019-06-20 20:21:59,274:INFO: Learner 0, Epoch 145/1000
2019-06-20 20:25:11,424:INFO: - Train metrics: accuracy: 1.000 ; loss: 0.000
2019-06-20 20:25:16,069:INFO: - Eval metrics: accuracy: 0.992 ; loss: 0.106
2019-06-20 20:25:16,070:INFO: Learner 0, Epoch 146/1000
2019-06-20 20:27:51,976:INFO: - Train metrics: accuracy: 0.997 ; loss: 0.022
2019-06-20 20:27:56,532:INFO: - Eval metrics: accuracy: 0.992 ; loss: 0.090
2019-06-20 20:27:56,534:INFO: Learner 0, Epoch 147/1000
2019-06-20 20:30:54,886:INFO: - Train metrics: accuracy: 1.000 ; loss: 0.001
2019-06-20 20:31:01,348:INFO: - Eval metrics: accuracy: 0.990 ; loss: 0.113
2019-06-20 20:31:01,349:INFO: Learner 0, Epoch 148/1000
2019-06-20 20:33:59,957:INFO: - Train metrics: accuracy: 1.000 ; loss: 0.000
2019-06-20 20:34:07,270:INFO: - Eval metrics: accuracy: 0.992 ; loss: 0.092
2019-06-20 20:34:07,272:INFO: Learner 0, Epoch 149/1000
2019-06-20 20:36:56,190:INFO: - Train metrics: accuracy: 1.000 ; loss: 0.000
2019-06-20 20:37:00,888:INFO: - Eval metrics: accuracy: 0.990 ; loss: 0.098
2019-06-20 20:37:00,889:INFO: Learner 0, Epoch 150/1000
2019-06-20 20:39:51,472:INFO: - Train metrics: accuracy: 0.999 ; loss: 0.005
2019-06-20 20:39:57,303:INFO: - Eval metrics: accuracy: 0.991 ; loss: 0.095
2019-06-20 20:39:57,305:INFO: Learner 0, Epoch 151/1000
2019-06-20 20:42:47,289:INFO: - Train metrics: accuracy: 0.999 ; loss: 0.002
2019-06-20 20:42:53,370:INFO: - Eval metrics: accuracy: 0.991 ; loss: 0.096
2019-06-20 20:42:53,372:INFO: Learner 0, Epoch 152/1000
2019-06-20 20:45:49,214:INFO: - Train metrics: accuracy: 1.000 ; loss: 0.001
2019-06-20 20:45:54,922:INFO: - Eval metrics: accuracy: 0.993 ; loss: 0.084
2019-06-20 20:45:54,923:INFO: Learner 0, Epoch 153/1000
2019-06-20 20:48:47,042:INFO: - Train metrics: accuracy: 1.000 ; loss: 0.002
2019-06-20 20:48:52,662:INFO: - Eval metrics: accuracy: 0.993 ; loss: 0.082
2019-06-20 20:48:52,664:INFO: Learner 0, Epoch 154/1000
2019-06-20 20:51:58,527:INFO: - Train metrics: accuracy: 1.000 ; loss: 0.000
2019-06-20 20:52:03,632:INFO: - Eval metrics: accuracy: 0.993 ; loss: 0.081
2019-06-20 20:52:03,634:INFO: Learner 0, Epoch 155/1000
2019-06-20 20:55:01,591:INFO: - Train metrics: accuracy: 1.000 ; loss: 0.000
2019-06-20 20:55:07,463:INFO: - Eval metrics: accuracy: 0.993 ; loss: 0.080
2019-06-20 20:55:07,464:INFO: Learner 0, Epoch 156/1000
2019-06-20 20:57:46,276:INFO: - Train metrics: accuracy: 1.000 ; loss: 0.000
2019-06-20 20:57:51,185:INFO: - Eval metrics: accuracy: 0.993 ; loss: 0.080
2019-06-20 20:57:51,186:INFO: Learner 0, Epoch 157/1000
2019-06-20 21:00:26,814:INFO: - Train metrics: accuracy: 1.000 ; loss: 0.000
2019-06-20 21:00:31,574:INFO: - Eval metrics: accuracy: 0.993 ; loss: 0.080
2019-06-20 21:00:31,575:INFO: Learner 0, Epoch 158/1000
2019-06-20 21:03:10,193:INFO: - Train metrics: accuracy: 1.000 ; loss: 0.000
2019-06-20 21:03:14,505:INFO: - Eval metrics: accuracy: 0.993 ; loss: 0.079
2019-06-20 21:03:14,507:INFO: Learner 0, Epoch 159/1000
2019-06-20 21:05:50,574:INFO: - Train metrics: accuracy: 1.000 ; loss: 0.000
2019-06-20 21:05:56,396:INFO: - Eval metrics: accuracy: 0.993 ; loss: 0.079
2019-06-20 21:05:56,397:INFO: Learner 0, Epoch 160/1000
2019-06-20 21:08:39,340:INFO: - Train metrics: accuracy: 1.000 ; loss: 0.000
2019-06-20 21:08:43,760:INFO: - Eval metrics: accuracy: 0.993 ; loss: 0.079
2019-06-20 21:08:43,761:INFO: Learner 0, Epoch 161/1000
2019-06-20 21:11:25,908:INFO: - Train metrics: accuracy: 1.000 ; loss: 0.000
2019-06-20 21:11:31,115:INFO: - Eval metrics: accuracy: 0.993 ; loss: 0.079
2019-06-20 21:11:31,116:INFO: Learner 0, Epoch 162/1000
2019-06-20 21:14:00,628:INFO: - Train metrics: accuracy: 1.000 ; loss: 0.000
2019-06-20 21:14:04,946:INFO: - Eval metrics: accuracy: 0.993 ; loss: 0.078
2019-06-20 21:14:04,947:INFO: Learner 0, Epoch 163/1000
2019-06-20 21:16:55,602:INFO: - Train metrics: accuracy: 1.000 ; loss: 0.000
2019-06-20 21:17:00,681:INFO: - Eval metrics: accuracy: 0.993 ; loss: 0.078
2019-06-20 21:17:00,682:INFO: Learner 0, Epoch 164/1000
2019-06-20 21:20:05,415:INFO: - Train metrics: accuracy: 1.000 ; loss: 0.000
2019-06-20 21:20:10,791:INFO: - Eval metrics: accuracy: 0.993 ; loss: 0.078
2019-06-20 21:20:10,793:INFO: Learner 0, Epoch 165/1000
2019-06-20 21:23:20,875:INFO: - Train metrics: accuracy: 1.000 ; loss: 0.000
2019-06-20 21:23:25,214:INFO: - Eval metrics: accuracy: 0.993 ; loss: 0.078
2019-06-20 21:23:25,215:INFO: Learner 0, Epoch 166/1000
2019-06-20 21:25:52,536:INFO: - Train metrics: accuracy: 1.000 ; loss: 0.000
2019-06-20 21:25:56,707:INFO: - Eval metrics: accuracy: 0.993 ; loss: 0.078
2019-06-20 21:25:56,708:INFO: Learner 0, Epoch 167/1000
2019-06-20 21:28:26,174:INFO: - Train metrics: accuracy: 1.000 ; loss: 0.000
2019-06-20 21:28:30,720:INFO: - Eval metrics: accuracy: 0.993 ; loss: 0.078
2019-06-20 21:28:30,722:INFO: Learner 0, Epoch 168/1000
2019-06-20 21:30:56,711:INFO: - Train metrics: accuracy: 1.000 ; loss: 0.000
2019-06-20 21:31:04,025:INFO: - Eval metrics: accuracy: 0.993 ; loss: 0.078
2019-06-20 21:31:04,026:INFO: Learner 0, Epoch 169/1000
2019-06-20 21:33:31,325:INFO: - Train metrics: accuracy: 1.000 ; loss: 0.000
2019-06-20 21:33:38,310:INFO: - Eval metrics: accuracy: 0.993 ; loss: 0.078
2019-06-20 21:33:38,311:INFO: Learner 0, Epoch 170/1000
2019-06-20 21:36:06,543:INFO: - Train metrics: accuracy: 1.000 ; loss: 0.000
2019-06-20 21:36:11,357:INFO: - Eval metrics: accuracy: 0.993 ; loss: 0.078
2019-06-20 21:36:11,358:INFO: Learner 0, Epoch 171/1000
2019-06-20 21:38:41,670:INFO: - Train metrics: accuracy: 1.000 ; loss: 0.000
2019-06-20 21:38:46,221:INFO: - Eval metrics: accuracy: 0.993 ; loss: 0.078
2019-06-20 21:38:46,223:INFO: Learner 0, Epoch 172/1000
2019-06-20 21:41:15,087:INFO: - Train metrics: accuracy: 1.000 ; loss: 0.000
2019-06-20 21:41:19,899:INFO: - Eval metrics: accuracy: 0.993 ; loss: 0.078
2019-06-20 21:41:19,900:INFO: Learner 0, Epoch 173/1000
2019-06-20 21:44:24,883:INFO: - Train metrics: accuracy: 1.000 ; loss: 0.000
2019-06-20 21:44:29,253:INFO: - Eval metrics: accuracy: 0.993 ; loss: 0.078
2019-06-20 21:44:29,255:INFO: Learner 0, Epoch 174/1000
2019-06-20 21:47:03,608:INFO: - Train metrics: accuracy: 1.000 ; loss: 0.000
2019-06-20 21:47:07,932:INFO: - Eval metrics: accuracy: 0.994 ; loss: 0.078
2019-06-20 21:47:07,933:INFO: Learner 0, Epoch 175/1000
2019-06-20 21:49:33,664:INFO: - Train metrics: accuracy: 1.000 ; loss: 0.000
2019-06-20 21:49:38,663:INFO: - Eval metrics: accuracy: 0.994 ; loss: 0.078
2019-06-20 21:49:38,664:INFO: Learner 0, Epoch 176/1000
